This is pdfTeX, Version 3.1415926-2.4-1.40.13 (TeX Live 2012/Debian) (format=pdflatex 2014.7.14)  28 AUG 2014 14:28
entering extended mode
 restricted \write18 enabled.
 %&-line parsing enabled.
**full_paper.tex
(./full_paper.tex
LaTeX2e <2011/06/27>
Babel <v3.8m> and hyphenation patterns for english, dumylang, nohyphenation, et
hiopic, farsi, arabic, pinyin, croatian, bulgarian, ukrainian, russian, slovak,
 czech, danish, dutch, usenglishmax, ukenglish, finnish, french, basque, ngerma
n, german, swissgerman, ngerman-x-2012-05-30, german-x-2012-05-30, monogreek, g
reek, ibycus, ancientgreek, hungarian, bengali, tamil, hindi, telugu, gujarati,
 sanskrit, malayalam, kannada, assamese, marathi, oriya, panjabi, italian, lati
n, latvian, lithuanian, mongolian, mongolianlmc, nynorsk, bokmal, indonesian, e
speranto, coptic, welsh, irish, interlingua, serbian, serbianc, slovenian, friu
lan, romansh, estonian, romanian, armenian, uppersorbian, turkish, afrikaans, i
celandic, kurmanji, polish, portuguese, galician, catalan, spanish, swedish, th
ai, loaded.
(./preamble.tex (/usr/share/texlive/texmf-dist/tex/latex/base/article.cls
Document Class: article 2007/10/19 v1.4h Standard LaTeX document class
(/usr/share/texlive/texmf-dist/tex/latex/base/size10.clo
File: size10.clo 2007/10/19 v1.4h Standard LaTeX file (size option)
)
\c@part=\count79
\c@section=\count80
\c@subsection=\count81
\c@subsubsection=\count82
\c@paragraph=\count83
\c@subparagraph=\count84
\c@figure=\count85
\c@table=\count86
\abovecaptionskip=\skip41
\belowcaptionskip=\skip42
\bibindent=\dimen102
)
(/usr/share/texlive/texmf-dist/tex/latex/amsfonts/amsfonts.sty
Package: amsfonts 2009/06/22 v3.00 Basic AMSFonts support
\@emptytoks=\toks14
\symAMSa=\mathgroup4
\symAMSb=\mathgroup5
LaTeX Font Info:    Overwriting math alphabet `\mathfrak' in version `bold'
(Font)                  U/euf/m/n --> U/euf/b/n on input line 96.
)
(/usr/share/texlive/texmf-dist/tex/latex/amsmath/amsmath.sty
Package: amsmath 2000/07/18 v2.13 AMS math features
\@mathmargin=\skip43

For additional information on amsmath, use the `?' option.
(/usr/share/texlive/texmf-dist/tex/latex/amsmath/amstext.sty
Package: amstext 2000/06/29 v2.01

(/usr/share/texlive/texmf-dist/tex/latex/amsmath/amsgen.sty
File: amsgen.sty 1999/11/30 v2.0
\@emptytoks=\toks15
\ex@=\dimen103
))
(/usr/share/texlive/texmf-dist/tex/latex/amsmath/amsbsy.sty
Package: amsbsy 1999/11/29 v1.2d
\pmbraise@=\dimen104
)
(/usr/share/texlive/texmf-dist/tex/latex/amsmath/amsopn.sty
Package: amsopn 1999/12/14 v2.01 operator names
)
\inf@bad=\count87
LaTeX Info: Redefining \frac on input line 211.
\uproot@=\count88
\leftroot@=\count89
LaTeX Info: Redefining \overline on input line 307.
\classnum@=\count90
\DOTSCASE@=\count91
LaTeX Info: Redefining \ldots on input line 379.
LaTeX Info: Redefining \dots on input line 382.
LaTeX Info: Redefining \cdots on input line 467.
\Mathstrutbox@=\box26
\strutbox@=\box27
\big@size=\dimen105
LaTeX Font Info:    Redeclaring font encoding OML on input line 567.
LaTeX Font Info:    Redeclaring font encoding OMS on input line 568.
\macc@depth=\count92
\c@MaxMatrixCols=\count93
\dotsspace@=\muskip10
\c@parentequation=\count94
\dspbrk@lvl=\count95
\tag@help=\toks16
\row@=\count96
\column@=\count97
\maxfields@=\count98
\andhelp@=\toks17
\eqnshift@=\dimen106
\alignsep@=\dimen107
\tagshift@=\dimen108
\tagwidth@=\dimen109
\totwidth@=\dimen110
\lineht@=\dimen111
\@envbody=\toks18
\multlinegap=\skip44
\multlinetaggap=\skip45
\mathdisplay@stack=\toks19
LaTeX Info: Redefining \[ on input line 2666.
LaTeX Info: Redefining \] on input line 2667.
)
(/usr/share/texlive/texmf-dist/tex/latex/amsfonts/amssymb.sty
Package: amssymb 2009/06/22 v3.00
)
(/usr/share/texlive/texmf-dist/tex/latex/graphics/graphicx.sty
Package: graphicx 1999/02/16 v1.0f Enhanced LaTeX Graphics (DPC,SPQR)

(/usr/share/texlive/texmf-dist/tex/latex/graphics/keyval.sty
Package: keyval 1999/03/16 v1.13 key=value parser (DPC)
\KV@toks@=\toks20
)
(/usr/share/texlive/texmf-dist/tex/latex/graphics/graphics.sty
Package: graphics 2009/02/05 v1.0o Standard LaTeX Graphics (DPC,SPQR)

(/usr/share/texlive/texmf-dist/tex/latex/graphics/trig.sty
Package: trig 1999/03/16 v1.09 sin cos tan (DPC)
)
(/usr/share/texlive/texmf-dist/tex/latex/latexconfig/graphics.cfg
File: graphics.cfg 2010/04/23 v1.9 graphics configuration of TeX Live
)
Package graphics Info: Driver file: pdftex.def on input line 91.

(/usr/share/texlive/texmf-dist/tex/latex/pdftex-def/pdftex.def
File: pdftex.def 2011/05/27 v0.06d Graphics/color for pdfTeX

(/usr/share/texlive/texmf-dist/tex/generic/oberdiek/infwarerr.sty
Package: infwarerr 2010/04/08 v1.3 Providing info/warning/error messages (HO)
)
(/usr/share/texlive/texmf-dist/tex/generic/oberdiek/ltxcmds.sty
Package: ltxcmds 2011/11/09 v1.22 LaTeX kernel commands for general use (HO)
)
\Gread@gobject=\count99
))
\Gin@req@height=\dimen112
\Gin@req@width=\dimen113
)
(/usr/share/texlive/texmf-dist/tex/latex/graphics/color.sty
Package: color 2005/11/14 v1.0j Standard LaTeX Color (DPC)

(/usr/share/texlive/texmf-dist/tex/latex/latexconfig/color.cfg
File: color.cfg 2007/01/18 v1.5 color configuration of teTeX/TeXLive
)
Package color Info: Driver file: pdftex.def on input line 130.
)
(/usr/share/texlive/texmf-dist/tex/latex/url/url.sty
\Urlmuskip=\muskip11
Package: url 2006/04/12  ver 3.3  Verb mode for urls, etc.
)
(/usr/share/texlive/texmf-dist/tex/latex/natbib/natbib.sty
Package: natbib 2010/09/13 8.31b (PWD, AO)
\bibhang=\skip46
\bibsep=\skip47
LaTeX Info: Redefining \cite on input line 694.
\c@NAT@ctr=\count100
)) (./header.tex)
(./full_paper.aux)
\openout1 = `full_paper.aux'.

LaTeX Font Info:    Checking defaults for OML/cmm/m/it on input line 3.
LaTeX Font Info:    ... okay on input line 3.
LaTeX Font Info:    Checking defaults for T1/cmr/m/n on input line 3.
LaTeX Font Info:    ... okay on input line 3.
LaTeX Font Info:    Checking defaults for OT1/cmr/m/n on input line 3.
LaTeX Font Info:    ... okay on input line 3.
LaTeX Font Info:    Checking defaults for OMS/cmsy/m/n on input line 3.
LaTeX Font Info:    ... okay on input line 3.
LaTeX Font Info:    Checking defaults for OMX/cmex/m/n on input line 3.
LaTeX Font Info:    ... okay on input line 3.
LaTeX Font Info:    Checking defaults for U/cmr/m/n on input line 3.
LaTeX Font Info:    ... okay on input line 3.

(/usr/share/texlive/texmf-dist/tex/context/base/supp-pdf.mkii
[Loading MPS to PDF converter (version 2006.09.02).]
\scratchcounter=\count101
\scratchdimen=\dimen114
\scratchbox=\box28
\nofMPsegments=\count102
\nofMParguments=\count103
\everyMPshowfont=\toks21
\MPscratchCnt=\count104
\MPscratchDim=\dimen115
\MPnumerator=\count105
\makeMPintoPDFobject=\count106
\everyMPtoPDFconversion=\toks22
) (/usr/share/texlive/texmf-dist/tex/generic/oberdiek/pdftexcmds.sty
Package: pdftexcmds 2011/11/29 v0.20 Utility functions of pdfTeX for LuaTeX (HO
)

(/usr/share/texlive/texmf-dist/tex/generic/oberdiek/ifluatex.sty
Package: ifluatex 2010/03/01 v1.3 Provides the ifluatex switch (HO)
Package ifluatex Info: LuaTeX not detected.
)
(/usr/share/texlive/texmf-dist/tex/generic/oberdiek/ifpdf.sty
Package: ifpdf 2011/01/30 v2.3 Provides the ifpdf switch (HO)
Package ifpdf Info: pdfTeX in PDF mode is detected.
)
Package pdftexcmds Info: LuaTeX not detected.
Package pdftexcmds Info: \pdf@primitive is available.
Package pdftexcmds Info: \pdf@ifprimitive is available.
Package pdftexcmds Info: \pdfdraftmode found.
)
(/usr/share/texlive/texmf-dist/tex/latex/oberdiek/epstopdf-base.sty
Package: epstopdf-base 2010/02/09 v2.5 Base part for package epstopdf

(/usr/share/texlive/texmf-dist/tex/latex/oberdiek/grfext.sty
Package: grfext 2010/08/19 v1.1 Manage graphics extensions (HO)

(/usr/share/texlive/texmf-dist/tex/generic/oberdiek/kvdefinekeys.sty
Package: kvdefinekeys 2011/04/07 v1.3 Define keys (HO)
))
(/usr/share/texlive/texmf-dist/tex/latex/oberdiek/kvoptions.sty
Package: kvoptions 2011/06/30 v3.11 Key value format for package options (HO)

(/usr/share/texlive/texmf-dist/tex/generic/oberdiek/kvsetkeys.sty
Package: kvsetkeys 2012/04/25 v1.16 Key value parser (HO)

(/usr/share/texlive/texmf-dist/tex/generic/oberdiek/etexcmds.sty
Package: etexcmds 2011/02/16 v1.5 Avoid name clashes with e-TeX commands (HO)
Package etexcmds Info: Could not find \expanded.
(etexcmds)             That can mean that you are not using pdfTeX 1.50 or
(etexcmds)             that some package has redefined \expanded.
(etexcmds)             In the latter case, load this package earlier.
)))
Package grfext Info: Graphics extension search list:
(grfext)             [.png,.pdf,.jpg,.mps,.jpeg,.jbig2,.jb2,.PNG,.PDF,.JPG,.JPE
G,.JBIG2,.JB2,.eps]
(grfext)             \AppendGraphicsExtensions on input line 452.

(/usr/share/texlive/texmf-dist/tex/latex/latexconfig/epstopdf-sys.cfg
File: epstopdf-sys.cfg 2010/07/13 v1.3 Configuration of (r)epstopdf for TeX Liv
e
))
(./Introduction.tex
LaTeX Font Info:    Try loading font information for U+msa on input line 11.
 (/usr/share/texlive/texmf-dist/tex/latex/amsfonts/umsa.fd
File: umsa.fd 2009/06/22 v3.00 AMS symbols A
)
LaTeX Font Info:    Try loading font information for U+msb on input line 11.

(/usr/share/texlive/texmf-dist/tex/latex/amsfonts/umsb.fd
File: umsb.fd 2009/06/22 v3.00 AMS symbols B
) [1

{/var/lib/texmf/fonts/map/pdftex/updmap/pdftex.map}]) (./Results.tex [2] [3] [4
] [5])
(./Discussion.tex [6]
LaTeX Font Info:    Try loading font information for OML+cmr on input line 23.
 (/usr/share/texlive/texmf-dist/tex/latex/base/omlcmr.fd
File: omlcmr.fd 1999/05/25 v2.5h Standard LaTeX font definitions
)
LaTeX Font Info:    Font shape `OML/cmr/m/n' in size <10> not available
(Font)              Font shape `OML/cmm/m/it' tried instead on input line 23.

[7] [8]
Overfull \hbox (2.07771pt too wide) in paragraph at lines 37--37
[]\OT1/cmr/bx/n/12 Analysis of next-generation-sequencing DNA-SIP data 
 []

[9]) (./Methods.tex
Missing character: There is no ‚ in font cmr10!
Missing character: There is no Ä in font cmr10!
Missing character: There is no ô in font cmr10!
Missing character: There is no Œ in font cmr10!
Missing character: There is no º in font cmr10!
Missing character: There is no ¬ in font cmr10!
Missing character: There is no ∞ in font cmr10!
Missing character: There is no Œ in font cmr10!
Missing character: There is no º in font cmr10!
Missing character: There is no Œ in font cmr10!
Missing character: There is no º in font cmr10!
 [10]
Missing character: There is no Œ in font cmr10!
Missing character: There is no º in font cmr10!
Missing character: There is no Œ in font cmr10!
Missing character: There is no º in font cmr10!
Missing character: There is no Œ in font cmr10!
Missing character: There is no º in font cmr10!
Missing character: There is no ¬ in font cmr10!
Missing character: There is no ∞ in font cmr10!
Missing character: There is no ¬ in font cmr10!
Missing character: There is no ∞ in font cmr10!
Missing character: There is no ¬ in font cmr10!
Missing character: There is no ∞ in font cmr10!
Missing character: There is no ¬ in font cmr10!
Missing character: There is no ∞ in font cmr10!
Missing character: There is no ¬ in font cmr10!
Missing character: There is no ∞ in font cmr10!
Missing character: There is no Œ in font cmr10!
Missing character: There is no º in font cmr10!
Missing character: There is no ¬ in font cmr10!
Missing character: There is no ∞ in font cmr10!
Missing character: There is no ¬ in font cmr10!
Missing character: There is no ∞ in font cmr10!
Missing character: There is no ¬ in font cmr10!
Missing character: There is no ∞ in font cmr10!
Missing character: There is no ¬ in font cmr10!
Missing character: There is no ∞ in font cmr10!
Missing character: There is no ¬ in font cmr10!
Missing character: There is no ∞ in font cmr10!
Missing character: There is no ‚ in font cmr10!
Missing character: There is no Ä in font cmr10!
Missing character: There is no ô in font cmr10!
 [11]
Overfull \hbox (51.206pt too wide) in paragraph at lines 22--34
 [] 
 []

[12]
Overfull \hbox (2.01671pt too wide) in paragraph at lines 46--47
 \OT1/cmr/bx/n/10 Place-ment of short se-quences into back-bone phy-logeny[] \O
T1/cmr/m/n/10 Short se-quences
 []

[13]
Missing character: There is no ‚ in font cmr10!
Missing character: There is no Ä in font cmr10!
Missing character: There is no ú in font cmr10!
Missing character: There is no ‚ in font cmr10!
Missing character: There is no Ä in font cmr10!
Missing character: There is no ù in font cmr10!
 [14]) (./full_paper.bbl [15]
Underfull \hbox (badness 1715) in paragraph at lines 47--54
[]\OT1/cmr/m/n/10 Jayne Bel-nap.  Ni-tro-gen fix-a-tion in bi-o-log-i-cal soil 
crusts from south-
 []


Underfull \hbox (badness 1533) in paragraph at lines 47--54
\OT1/cmr/m/n/10 east Utah USA.  \OT1/cmr/m/it/10 Bi-ol-ogy and Fer-til-ity of S
oils\OT1/cmr/m/n/10 , 35(2):128--135, Apr
 []

Missing character: There is no √ in font cmr10!
Missing character: There is no ± in font cmr10!

Underfull \hbox (badness 1418) in paragraph at lines 98--105
[]\OT1/cmr/m/n/10 JG Ca-po-raso, J Kuczyn-ski, J Stombaugh, K Bit-tinger, FD Bu
sh-man,
 []

[16]
Missing character: There is no √ in font cmr10!
Missing character: There is no ∂ in font cmr10!
 [17]
Missing character: There is no √ in font cmr10!
Missing character: There is no ∂ in font cmr10!
 [18] [19]) (./figures.tex
<figures/study_phylum_dist/study_phylum_dist.png, id=74, 1100.11pt x 1981.4025p
t>
File: figures/study_phylum_dist/study_phylum_dist.png Graphic file (type png)
 <use figures/study_phylum_dist/study_phylum_dist.png>
Package pdftex.def Info: figures/study_phylum_dist/study_phylum_dist.png used o
n input line 3.
(pdftex.def)             Requested size: 345.0pt x 621.3636pt.


LaTeX Warning: Float too large for page by 107.8636pt on input line 6.


LaTeX Warning: `!h' float specifier changed to `!ht'.


<figures/ordination_all_day_facet/ordination_day_facet_w_inset.png, id=75, 3017
.2725pt x 1212.53pt>
File: figures/ordination_all_day_facet/ordination_day_facet_w_inset.png Graphic
 file (type png)

<use figures/ordination_all_day_facet/ordination_day_facet_w_inset.png>
Package pdftex.def Info: figures/ordination_all_day_facet/ordination_day_facet_
w_inset.png used on input line 10.
(pdftex.def)             Requested size: 345.0pt x 138.6332pt.


LaTeX Warning: `!h' float specifier changed to `!ht'.

<figures/l2fc1/l2fc_stacked_w_inset.png, id=77, 2288.55pt x 2921.91624pt>
File: figures/l2fc1/l2fc_stacked_w_inset.png Graphic file (type png)

<use figures/l2fc1/l2fc_stacked_w_inset.png>
Package pdftex.def Info: figures/l2fc1/l2fc_stacked_w_inset.png used on input l
ine 17.
(pdftex.def)             Requested size: 345.0pt x 440.45319pt.


LaTeX Warning: `!h' float specifier changed to `!ht'.


<figures/scatter_heavy_topN2/scatter_heavy_topN.png, id=78, 3447.88126pt x 1701
.35625pt>
File: figures/scatter_heavy_topN2/scatter_heavy_topN.png Graphic file (type png
)
 <use figures/scatter_heavy_topN2/scatter_heavy_topN.png>
Package pdftex.def Info: figures/scatter_heavy_topN2/scatter_heavy_topN.png use
d on input line 24.
(pdftex.def)             Requested size: 345.0pt x 170.22346pt.


LaTeX Warning: `!h' float specifier changed to `!ht'.

<figures/het_cyano_temp/het_cyano_temp.png, id=79, 2304.61pt x 1387.1825pt>
File: figures/het_cyano_temp/het_cyano_temp.png Graphic file (type png)

<use figures/het_cyano_temp/het_cyano_temp.png>
Package pdftex.def Info: figures/het_cyano_temp/het_cyano_temp.png used on inpu
t line 31.
(pdftex.def)             Requested size: 345.0pt x 207.64507pt.


LaTeX Warning: `!h' float specifier changed to `!ht'.


<figures/het_cyano_steven2013/het_cyano_steven2013.png, id=80, 2304.61pt x 1474
.50874pt>
File: figures/het_cyano_steven2013/het_cyano_steven2013.png Graphic file (type 
png)
 <use figures/het_cyano_steven2013/het_cyano_steven2013.png>
Package pdftex.def Info: figures/het_cyano_steven2013/het_cyano_steven2013.png 
used on input line 38.
(pdftex.def)             Requested size: 345.0pt x 220.71678pt.


LaTeX Warning: `!h' float specifier changed to `!ht'.


<figures/rarefacation_curves1/raref_and_boxplot.png, id=81, 2863.69875pt x 1701
.35625pt>
File: figures/rarefacation_curves1/raref_and_boxplot.png Graphic file (type png
)
 <use figures/rarefacation_curves1/raref_and_boxplot.png>
Package pdftex.def Info: figures/rarefacation_curves1/raref_and_boxplot.png use
d on input line 45.
(pdftex.def)             Requested size: 345.0pt x 204.95871pt.


LaTeX Warning: `!h' float specifier changed to `!ht'.

<figures/rspndr_dist/rspndr_dist.png, id=82, 2546.51375pt x 1400.23125pt>
File: figures/rspndr_dist/rspndr_dist.png Graphic file (type png)

<use figures/rspndr_dist/rspndr_dist.png>
Package pdftex.def Info: figures/rspndr_dist/rspndr_dist.png used on input line
 52.
(pdftex.def)             Requested size: 345.0pt x 189.6854pt.


LaTeX Warning: `!h' float specifier changed to `!ht'.

<figures/het_sparsity/het_sparsity.png, id=83, 1790.69pt x 1379.1525pt>
File: figures/het_sparsity/het_sparsity.png Graphic file (type png)

<use figures/het_sparsity/het_sparsity.png>
Package pdftex.def Info: figures/het_sparsity/het_sparsity.png used on input li
ne 59.
(pdftex.def)             Requested size: 345.0pt x 265.70338pt.


LaTeX Warning: `!h' float specifier changed to `!ht'.

<figures/LTP_blast_table/LTP_blast_table.png, id=84, 778.91pt x 1031.855pt>
File: figures/LTP_blast_table/LTP_blast_table.png Graphic file (type png)

<use figures/LTP_blast_table/LTP_blast_table.png>
Package pdftex.def Info: figures/LTP_blast_table/LTP_blast_table.png used on in
put line 66.
(pdftex.def)             Requested size: 345.0pt x 457.02486pt.


LaTeX Warning: `!h' float specifier changed to `!ht'.

<figures/clost.tree/clost_tree.png, id=85, 791.95876pt x 963.6pt>
File: figures/clost.tree/clost_tree.png Graphic file (type png)

<use figures/clost.tree/clost_tree.png>
Package pdftex.def Info: figures/clost.tree/clost_tree.png used on input line 7
3.
(pdftex.def)             Requested size: 345.0pt x 419.78017pt.


LaTeX Warning: `!h' float specifier changed to `!ht'.

) [20] [21 <./figures/study_phylum_dist/study_phylum_dist.png>] [22 <./figures/
ordination_all_day_facet/ordination_day_facet_w_inset.png>] [23 <./figures/l2fc
1/l2fc_stacked_w_inset.png>] [24 <./figures/scatter_heavy_topN2/scatter_heavy_t
opN.png> <./figures/het_cyano_temp/het_cyano_temp.png>] [25 <./figures/het_cyan
o_steven2013/het_cyano_steven2013.png>] [26 <./figures/rarefacation_curves1/rar
ef_and_boxplot.png>] [27 <./figures/rspndr_dist/rspndr_dist.png>] [28 <./figure
s/het_sparsity/het_sparsity.png>] [29 <./figures/LTP_blast_table/LTP_blast_tabl
e.png>] [30 <./figures/clost.tree/clost_tree.png (PNG copy)>] (./full_paper.aux
) ) 
Here is how much of TeX's memory you used:
 3090 strings out of 493485
 42518 string characters out of 3143526
 102446 words of memory out of 3000000
 6306 multiletter control sequences out of 15000+200000
 12077 words of font info for 47 fonts, out of 3000000 for 9000
 957 hyphenation exceptions out of 8191
 38i,8n,28p,2045b,348s stack positions out of 5000i,500n,10000p,200000b,50000s
</usr/share/texlive/texmf-dist/fonts/type1/public/amsfonts/cm/cmbx10.pfb></u
sr/share/texlive/texmf-dist/fonts/type1/public/amsfonts/cm/cmbx12.pfb></usr/sha
re/texlive/texmf-dist/fonts/type1/public/amsfonts/cm/cmbxti10.pfb></usr/share/t
exlive/texmf-dist/fonts/type1/public/amsfonts/cm/cmmi10.pfb></usr/share/texlive
/texmf-dist/fonts/type1/public/amsfonts/cm/cmr10.pfb></usr/share/texlive/texmf-
dist/fonts/type1/public/amsfonts/cm/cmr7.pfb></usr/share/texlive/texmf-dist/fon
ts/type1/public/amsfonts/cm/cmr8.pfb></usr/share/texlive/texmf-dist/fonts/type1
/public/amsfonts/cm/cmsy10.pfb></usr/share/texlive/texmf-dist/fonts/type1/publi
c/amsfonts/cm/cmsy7.pfb></usr/share/texlive/texmf-dist/fonts/type1/public/amsfo
nts/cm/cmti10.pfb></usr/share/texlive/texmf-dist/fonts/type1/public/amsfonts/cm
/cmtt10.pfb>
Output written on full_paper.pdf (30 pages, 1557074 bytes).
PDF statistics:
 163 PDF objects out of 1000 (max. 8388607)
 101 compressed objects within 2 object streams
 0 named destinations out of 1000 (max. 500000)
 56 words of extra memory for PDF output out of 10000 (max. 10000000)

